[INFO ] 2021-05-21 19:56:18.141 [main] ExecuteScript - 
[INFO ] 2021-05-21 19:56:18.145 [main] ExecuteScript - SQL*Plus: Release 11.2.0.2.0 Production on Vie May 21 19:56:18 2021
[INFO ] 2021-05-21 19:56:18.145 [main] ExecuteScript - 
[INFO ] 2021-05-21 19:56:18.145 [main] ExecuteScript - Copyright (c) 1982, 2014, Oracle.  All rights reserved.
[INFO ] 2021-05-21 19:56:18.145 [main] ExecuteScript - 
[INFO ] 2021-05-21 19:56:18.259 [main] ExecuteScript - 
[INFO ] 2021-05-21 19:56:18.260 [main] ExecuteScript - Connected to:
[INFO ] 2021-05-21 19:56:18.260 [main] ExecuteScript - Oracle Database 11g Express Edition Release 11.2.0.2.0 - 64bit Production
[INFO ] 2021-05-21 19:56:18.260 [main] ExecuteScript - 
[INFO ] 2021-05-21 19:56:18.349 [main] ExecuteScript - 
[INFO ] 2021-05-21 19:56:18.349 [main] ExecuteScript - Table dropped.
[INFO ] 2021-05-21 19:56:18.349 [main] ExecuteScript - 
[INFO ] 2021-05-21 19:56:18.361 [main] ExecuteScript - 
[INFO ] 2021-05-21 19:56:18.361 [main] ExecuteScript - Table dropped.
[INFO ] 2021-05-21 19:56:18.362 [main] ExecuteScript - 
[INFO ] 2021-05-21 19:56:18.377 [main] ExecuteScript - 
[INFO ] 2021-05-21 19:56:18.377 [main] ExecuteScript - Table dropped.
[INFO ] 2021-05-21 19:56:18.377 [main] ExecuteScript - 
[INFO ] 2021-05-21 19:56:18.383 [main] ExecuteScript - 
[INFO ] 2021-05-21 19:56:18.383 [main] ExecuteScript - Table dropped.
[INFO ] 2021-05-21 19:56:18.384 [main] ExecuteScript - 
[INFO ] 2021-05-21 19:56:18.395 [main] ExecuteScript - 
[INFO ] 2021-05-21 19:56:18.396 [main] ExecuteScript - Table dropped.
[INFO ] 2021-05-21 19:56:18.396 [main] ExecuteScript - 
[INFO ] 2021-05-21 19:56:18.400 [main] ExecuteScript - 
[INFO ] 2021-05-21 19:56:18.400 [main] ExecuteScript - Sequence dropped.
[INFO ] 2021-05-21 19:56:18.401 [main] ExecuteScript - 
[INFO ] 2021-05-21 19:56:18.403 [main] ExecuteScript - 
[INFO ] 2021-05-21 19:56:18.403 [main] ExecuteScript - Sequence created.
[INFO ] 2021-05-21 19:56:18.403 [main] ExecuteScript - 
[INFO ] 2021-05-21 19:56:18.435 [main] ExecuteScript - 
[INFO ] 2021-05-21 19:56:18.435 [main] ExecuteScript - Table created.
[INFO ] 2021-05-21 19:56:18.436 [main] ExecuteScript - 
[INFO ] 2021-05-21 19:56:18.457 [main] ExecuteScript - 
[INFO ] 2021-05-21 19:56:18.457 [main] ExecuteScript - Table created.
[INFO ] 2021-05-21 19:56:18.457 [main] ExecuteScript - 
[INFO ] 2021-05-21 19:56:18.479 [main] ExecuteScript - 
[INFO ] 2021-05-21 19:56:18.479 [main] ExecuteScript - Table created.
[INFO ] 2021-05-21 19:56:18.479 [main] ExecuteScript - 
[INFO ] 2021-05-21 19:56:18.498 [main] ExecuteScript - 
[INFO ] 2021-05-21 19:56:18.498 [main] ExecuteScript - Table created.
[INFO ] 2021-05-21 19:56:18.498 [main] ExecuteScript - 
[INFO ] 2021-05-21 19:56:18.534 [main] ExecuteScript - 
[INFO ] 2021-05-21 19:56:18.534 [main] ExecuteScript - Table created.
[INFO ] 2021-05-21 19:56:18.534 [main] ExecuteScript - 
[INFO ] 2021-05-21 19:56:18.537 [main] ExecuteScript - 
[INFO ] 2021-05-21 19:56:18.537 [main] ExecuteScript - 1 row created.
[INFO ] 2021-05-21 19:56:18.537 [main] ExecuteScript - 
[INFO ] 2021-05-21 19:56:18.538 [main] ExecuteScript - 
[INFO ] 2021-05-21 19:56:18.538 [main] ExecuteScript - 1 row created.
[INFO ] 2021-05-21 19:56:18.538 [main] ExecuteScript - 
[INFO ] 2021-05-21 19:56:18.538 [main] ExecuteScript - 
[INFO ] 2021-05-21 19:56:18.538 [main] ExecuteScript - 1 row created.
[INFO ] 2021-05-21 19:56:18.538 [main] ExecuteScript - 
[INFO ] 2021-05-21 19:56:18.539 [main] ExecuteScript - 
[INFO ] 2021-05-21 19:56:18.539 [main] ExecuteScript - 1 row created.
[INFO ] 2021-05-21 19:56:18.539 [main] ExecuteScript - 
[INFO ] 2021-05-21 19:56:18.540 [main] ExecuteScript - 
[INFO ] 2021-05-21 19:56:18.540 [main] ExecuteScript - 1 row created.
[INFO ] 2021-05-21 19:56:18.540 [main] ExecuteScript - 
[INFO ] 2021-05-21 19:56:18.540 [main] ExecuteScript - 
[INFO ] 2021-05-21 19:56:18.540 [main] ExecuteScript - 1 row created.
[INFO ] 2021-05-21 19:56:18.540 [main] ExecuteScript - 
[INFO ] 2021-05-21 19:56:18.540 [main] ExecuteScript - 
[INFO ] 2021-05-21 19:56:18.541 [main] ExecuteScript - 1 row created.
[INFO ] 2021-05-21 19:56:18.541 [main] ExecuteScript - 
[INFO ] 2021-05-21 19:56:18.541 [main] ExecuteScript - 
[INFO ] 2021-05-21 19:56:18.541 [main] ExecuteScript - 1 row created.
[INFO ] 2021-05-21 19:56:18.541 [main] ExecuteScript - 
[INFO ] 2021-05-21 19:56:18.542 [main] ExecuteScript - 
[INFO ] 2021-05-21 19:56:18.542 [main] ExecuteScript - 1 row created.
[INFO ] 2021-05-21 19:56:18.542 [main] ExecuteScript - 
[INFO ] 2021-05-21 19:56:18.542 [main] ExecuteScript - 
[INFO ] 2021-05-21 19:56:18.542 [main] ExecuteScript - 1 row created.
[INFO ] 2021-05-21 19:56:18.542 [main] ExecuteScript - 
[INFO ] 2021-05-21 19:56:18.542 [main] ExecuteScript - 
[INFO ] 2021-05-21 19:56:18.543 [main] ExecuteScript - 1 row created.
[INFO ] 2021-05-21 19:56:18.543 [main] ExecuteScript - 
[INFO ] 2021-05-21 19:56:18.543 [main] ExecuteScript - 
[INFO ] 2021-05-21 19:56:18.543 [main] ExecuteScript - 1 row created.
[INFO ] 2021-05-21 19:56:18.543 [main] ExecuteScript - 
[INFO ] 2021-05-21 19:56:18.543 [main] ExecuteScript - 
[INFO ] 2021-05-21 19:56:18.543 [main] ExecuteScript - 1 row created.
[INFO ] 2021-05-21 19:56:18.543 [main] ExecuteScript - 
[INFO ] 2021-05-21 19:56:18.544 [main] ExecuteScript - 
[INFO ] 2021-05-21 19:56:18.544 [main] ExecuteScript - 1 row created.
[INFO ] 2021-05-21 19:56:18.544 [main] ExecuteScript - 
[INFO ] 2021-05-21 19:56:18.544 [main] ExecuteScript - 
[INFO ] 2021-05-21 19:56:18.544 [main] ExecuteScript - 1 row created.
[INFO ] 2021-05-21 19:56:18.544 [main] ExecuteScript - 
[INFO ] 2021-05-21 19:56:18.544 [main] ExecuteScript - 
[INFO ] 2021-05-21 19:56:18.544 [main] ExecuteScript - 1 row created.
[INFO ] 2021-05-21 19:56:18.545 [main] ExecuteScript - 
[INFO ] 2021-05-21 19:56:18.545 [main] ExecuteScript - 
[INFO ] 2021-05-21 19:56:18.545 [main] ExecuteScript - 1 row created.
[INFO ] 2021-05-21 19:56:18.545 [main] ExecuteScript - 
[INFO ] 2021-05-21 19:56:18.545 [main] ExecuteScript - 
[INFO ] 2021-05-21 19:56:18.546 [main] ExecuteScript - 1 row created.
[INFO ] 2021-05-21 19:56:18.546 [main] ExecuteScript - 
[INFO ] 2021-05-21 19:56:18.546 [main] ExecuteScript - 
[INFO ] 2021-05-21 19:56:18.546 [main] ExecuteScript - 1 row created.
[INFO ] 2021-05-21 19:56:18.546 [main] ExecuteScript - 
[INFO ] 2021-05-21 19:56:18.546 [main] ExecuteScript - 
[INFO ] 2021-05-21 19:56:18.546 [main] ExecuteScript - 1 row created.
[INFO ] 2021-05-21 19:56:18.546 [main] ExecuteScript - 
[INFO ] 2021-05-21 19:56:18.547 [main] ExecuteScript - 
[INFO ] 2021-05-21 19:56:18.547 [main] ExecuteScript - 1 row created.
[INFO ] 2021-05-21 19:56:18.547 [main] ExecuteScript - 
[INFO ] 2021-05-21 19:56:18.547 [main] ExecuteScript - 
[INFO ] 2021-05-21 19:56:18.547 [main] ExecuteScript - 1 row created.
[INFO ] 2021-05-21 19:56:18.547 [main] ExecuteScript - 
[INFO ] 2021-05-21 19:56:18.548 [main] ExecuteScript - 
[INFO ] 2021-05-21 19:56:18.548 [main] ExecuteScript - 1 row created.
[INFO ] 2021-05-21 19:56:18.548 [main] ExecuteScript - 
[INFO ] 2021-05-21 19:56:18.548 [main] ExecuteScript - 
[INFO ] 2021-05-21 19:56:18.548 [main] ExecuteScript - 1 row created.
[INFO ] 2021-05-21 19:56:18.548 [main] ExecuteScript - 
[INFO ] 2021-05-21 19:56:18.549 [main] ExecuteScript - 
[INFO ] 2021-05-21 19:56:18.549 [main] ExecuteScript - 1 row created.
[INFO ] 2021-05-21 19:56:18.549 [main] ExecuteScript - 
[INFO ] 2021-05-21 19:56:18.549 [main] ExecuteScript - 
[INFO ] 2021-05-21 19:56:18.549 [main] ExecuteScript - 1 row created.
[INFO ] 2021-05-21 19:56:18.549 [main] ExecuteScript - 
[INFO ] 2021-05-21 19:56:18.549 [main] ExecuteScript - 
[INFO ] 2021-05-21 19:56:18.549 [main] ExecuteScript - 1 row created.
[INFO ] 2021-05-21 19:56:18.550 [main] ExecuteScript - 
[INFO ] 2021-05-21 19:56:18.550 [main] ExecuteScript - 
[INFO ] 2021-05-21 19:56:18.550 [main] ExecuteScript - 1 row created.
[INFO ] 2021-05-21 19:56:18.550 [main] ExecuteScript - 
[INFO ] 2021-05-21 19:56:18.550 [main] ExecuteScript - 
[INFO ] 2021-05-21 19:56:18.550 [main] ExecuteScript - 1 row created.
[INFO ] 2021-05-21 19:56:18.550 [main] ExecuteScript - 
[INFO ] 2021-05-21 19:56:18.551 [main] ExecuteScript - 
[INFO ] 2021-05-21 19:56:18.551 [main] ExecuteScript - 1 row created.
[INFO ] 2021-05-21 19:56:18.551 [main] ExecuteScript - 
[INFO ] 2021-05-21 19:56:18.551 [main] ExecuteScript - 
[INFO ] 2021-05-21 19:56:18.551 [main] ExecuteScript - 1 row created.
[INFO ] 2021-05-21 19:56:18.551 [main] ExecuteScript - 
[INFO ] 2021-05-21 19:56:18.552 [main] ExecuteScript - 
[INFO ] 2021-05-21 19:56:18.552 [main] ExecuteScript - 1 row created.
[INFO ] 2021-05-21 19:56:18.552 [main] ExecuteScript - 
[INFO ] 2021-05-21 19:56:18.552 [main] ExecuteScript - 
[INFO ] 2021-05-21 19:56:18.552 [main] ExecuteScript - 1 row created.
[INFO ] 2021-05-21 19:56:18.552 [main] ExecuteScript - 
[INFO ] 2021-05-21 19:56:18.552 [main] ExecuteScript - 
[INFO ] 2021-05-21 19:56:18.552 [main] ExecuteScript - 1 row created.
[INFO ] 2021-05-21 19:56:18.553 [main] ExecuteScript - 
[INFO ] 2021-05-21 19:56:18.553 [main] ExecuteScript - 
[INFO ] 2021-05-21 19:56:18.553 [main] ExecuteScript - 1 row created.
[INFO ] 2021-05-21 19:56:18.553 [main] ExecuteScript - 
[INFO ] 2021-05-21 19:56:18.554 [main] ExecuteScript - 
[INFO ] 2021-05-21 19:56:18.554 [main] ExecuteScript - 1 row updated.
[INFO ] 2021-05-21 19:56:18.554 [main] ExecuteScript - 
[INFO ] 2021-05-21 19:56:18.555 [main] ExecuteScript - 
[INFO ] 2021-05-21 19:56:18.555 [main] ExecuteScript - 1 row created.
[INFO ] 2021-05-21 19:56:18.555 [main] ExecuteScript - 
[INFO ] 2021-05-21 19:56:18.555 [main] ExecuteScript - 
[INFO ] 2021-05-21 19:56:18.555 [main] ExecuteScript - 1 row created.
[INFO ] 2021-05-21 19:56:18.555 [main] ExecuteScript - 
[INFO ] 2021-05-21 19:56:18.555 [main] ExecuteScript - 
[INFO ] 2021-05-21 19:56:18.555 [main] ExecuteScript - 1 row created.
[INFO ] 2021-05-21 19:56:18.556 [main] ExecuteScript - 
[INFO ] 2021-05-21 19:56:18.556 [main] ExecuteScript - 
[INFO ] 2021-05-21 19:56:18.556 [main] ExecuteScript - 1 row created.
[INFO ] 2021-05-21 19:56:18.556 [main] ExecuteScript - 
[INFO ] 2021-05-21 19:56:18.556 [main] ExecuteScript - 
[INFO ] 2021-05-21 19:56:18.556 [main] ExecuteScript - 1 row created.
[INFO ] 2021-05-21 19:56:18.556 [main] ExecuteScript - 
[INFO ] 2021-05-21 19:56:18.557 [main] ExecuteScript - 
[INFO ] 2021-05-21 19:56:18.557 [main] ExecuteScript - 1 row created.
[INFO ] 2021-05-21 19:56:18.557 [main] ExecuteScript - 
[INFO ] 2021-05-21 19:56:18.558 [main] ExecuteScript - 
[INFO ] 2021-05-21 19:56:18.558 [main] ExecuteScript - 1 row created.
[INFO ] 2021-05-21 19:56:18.558 [main] ExecuteScript - 
[INFO ] 2021-05-21 19:56:18.559 [main] ExecuteScript - 
[INFO ] 2021-05-21 19:56:18.559 [main] ExecuteScript - 1 row created.
[INFO ] 2021-05-21 19:56:18.559 [main] ExecuteScript - 
[INFO ] 2021-05-21 19:56:18.560 [main] ExecuteScript - 
[INFO ] 2021-05-21 19:56:18.560 [main] ExecuteScript - Commit complete.
[INFO ] 2021-05-21 19:56:18.560 [main] ExecuteScript - 
[INFO ] 2021-05-21 19:56:18.562 [main] ExecuteScript - Disconnected from Oracle Database 11g Express Edition Release 11.2.0.2.0 - 64bit Production
[ERROR] 2021-05-21 19:56:18.578 [main] TestClient - Tipo de Incidencia Incorrecto
